<?xml version="1.0" encoding="UTF-8"?>
<testsuite name="com.meiken.calculator.StatisticalCalculationsTest" tests="11" skipped="0" failures="0" errors="0" timestamp="2026-02-14T20:16:44" hostname="MACHOMAN" time="0.05">
  <properties/>
  <testcase name="covariance with known values()" classname="com.meiken.calculator.StatisticalCalculationsTest" time="0.001"/>
  <testcase name="variance with known values()" classname="com.meiken.calculator.StatisticalCalculationsTest" time="0.0"/>
  <testcase name="mean with multiple values()" classname="com.meiken.calculator.StatisticalCalculationsTest" time="0.0"/>
  <testcase name="mean with empty list throws()" classname="com.meiken.calculator.StatisticalCalculationsTest" time="0.012"/>
  <testcase name="correlation with zero variance throws()" classname="com.meiken.calculator.StatisticalCalculationsTest" time="0.011"/>
  <testcase name="covariance with different length series throws()" classname="com.meiken.calculator.StatisticalCalculationsTest" time="0.012"/>
  <testcase name="standardDeviation is sqrt of variance()" classname="com.meiken.calculator.StatisticalCalculationsTest" time="0.001"/>
  <testcase name="variance with single value is zero()" classname="com.meiken.calculator.StatisticalCalculationsTest" time="0.0"/>
  <testcase name="correlation of same series is one()" classname="com.meiken.calculator.StatisticalCalculationsTest" time="0.0"/>
  <testcase name="mean with single value()" classname="com.meiken.calculator.StatisticalCalculationsTest" time="0.0"/>
  <testcase name="variance with empty list throws()" classname="com.meiken.calculator.StatisticalCalculationsTest" time="0.011"/>
  <system-out><![CDATA[]]></system-out>
  <system-err><![CDATA[]]></system-err>
</testsuite>
