<?xml version="1.0" encoding="UTF-8"?>
<testsuite name="com.meiken.calculator.FinancialCalculationsTest" tests="7" skipped="0" failures="0" errors="0" timestamp="2026-02-14T20:09:20" hostname="MACHOMAN" time="0.107">
  <properties/>
  <testcase name="calculateDailyReturns with price decrease()" classname="com.meiken.calculator.FinancialCalculationsTest" time="0.073"/>
  <testcase name="calculateDailyReturns with empty list throws exception()" classname="com.meiken.calculator.FinancialCalculationsTest" time="0.011"/>
  <testcase name="calculateDailyReturns with simple increasing prices()" classname="com.meiken.calculator.FinancialCalculationsTest" time="0.001"/>
  <testcase name="calculateAlpha throws when series have different lengths()" classname="com.meiken.calculator.FinancialCalculationsTest" time="0.008"/>
  <testcase name="calculateAlpha with known values()" classname="com.meiken.calculator.FinancialCalculationsTest" time="0.0"/>
  <testcase name="calculateDailyReturns throws exception with insufficient data()" classname="com.meiken.calculator.FinancialCalculationsTest" time="0.01"/>
  <testcase name="annualizeReturn converts daily to annual return()" classname="com.meiken.calculator.FinancialCalculationsTest" time="0.0"/>
  <system-out><![CDATA[]]></system-out>
  <system-err><![CDATA[]]></system-err>
</testsuite>
