<?xml version="1.0" encoding="UTF-8"?>
<testsuite name="com.meiken.calculator.FinancialCalculationsTest" tests="17" skipped="0" failures="0" errors="0" timestamp="2026-02-14T20:16:44" hostname="MACHOMAN" time="0.244">
  <properties/>
  <testcase name="calculateBeta throws when benchmark variance is zero()" classname="com.meiken.calculator.FinancialCalculationsTest" time="0.144"/>
  <testcase name="annualizeReturn with default trading days()" classname="com.meiken.calculator.FinancialCalculationsTest" time="0.017"/>
  <testcase name="calculateVolatility returns daily and annualized()" classname="com.meiken.calculator.FinancialCalculationsTest" time="0.002"/>
  <testcase name="calculateDailyReturns with price decrease()" classname="com.meiken.calculator.FinancialCalculationsTest" time="0.037"/>
  <testcase name="calculateDailyReturns with empty list throws exception()" classname="com.meiken.calculator.FinancialCalculationsTest" time="0.004"/>
  <testcase name="calculateBeta with known values()" classname="com.meiken.calculator.FinancialCalculationsTest" time="0.0"/>
  <testcase name="calculateVolatility with default trading days()" classname="com.meiken.calculator.FinancialCalculationsTest" time="0.0"/>
  <testcase name="calculateAlpha with default trading days()" classname="com.meiken.calculator.FinancialCalculationsTest" time="0.0"/>
  <testcase name="calculateDailyReturns with simple increasing prices()" classname="com.meiken.calculator.FinancialCalculationsTest" time="0.0"/>
  <testcase name="calculateAlpha throws when series have different lengths()" classname="com.meiken.calculator.FinancialCalculationsTest" time="0.002"/>
  <testcase name="calculateAlpha with known values()" classname="com.meiken.calculator.FinancialCalculationsTest" time="0.0"/>
  <testcase name="calculateDailyReturns throws exception with insufficient data()" classname="com.meiken.calculator.FinancialCalculationsTest" time="0.002"/>
  <testcase name="annualizeReturn converts daily to annual return()" classname="com.meiken.calculator.FinancialCalculationsTest" time="0.0"/>
  <testcase name="calculateBeta throws when series have different lengths()" classname="com.meiken.calculator.FinancialCalculationsTest" time="0.01"/>
  <testcase name="calculateSharpe throws when volatility is zero()" classname="com.meiken.calculator.FinancialCalculationsTest" time="0.013"/>
  <testcase name="calculateSharpe with default risk free and trading days()" classname="com.meiken.calculator.FinancialCalculationsTest" time="0.001"/>
  <testcase name="calculateSharpe with positive excess return()" classname="com.meiken.calculator.FinancialCalculationsTest" time="0.001"/>
  <system-out><![CDATA[]]></system-out>
  <system-err><![CDATA[]]></system-err>
</testsuite>
